[2016-12-05 16:23:35] lb_bootstrap 
P: Setting up cleanup function
[2016-12-05 16:23:35] lb_bootstrap_cache restore
P: Restoring bootstrap stage from cache...
[2016-12-05 16:23:35] lb_bootstrap_copy 
[2016-12-05 16:23:35] lb_bootstrap_cdebootstrap 
[2016-12-05 16:23:35] lb_bootstrap_debootstrap 
P: Begin bootstrapping system...
[2016-12-05 16:23:35] lb_testroot 
P: If the following stage fails, the most likely cause of the problem is with your mirror configuration or a caching proxy.
P: Running debootstrap (download-only)... 
I: Retrieving InRelease 
I: Checking Release signature
I: Valid Release signature (key id 790BC7277767219C42C86F933B4FE6ACC0B21F32)
I: Retrieving Packages 
I: Validating Packages 
I: Retrieving Packages 
I: Validating Packages 
I: Resolving dependencies of required packages...
I: Resolving dependencies of base packages...
I: Found additional base dependencies: gcc-5-base gpgv libapt-pkg5.0 liblz4-1 libreadline6 libstdc++6 libusb-0.1-4 readline-common ubuntu-keyring 
I: Checking component main on http://archive.ubuntu.com/ubuntu...
I: Retrieving adduser 3.113+nmu3ubuntu4
I: Validating adduser 3.113+nmu3ubuntu4
I: Retrieving apt 1.2.10ubuntu1
I: Validating apt 1.2.10ubuntu1
I: Retrieving base-files 9.4ubuntu4
I: Validating base-files 9.4ubuntu4
I: Retrieving base-passwd 3.5.39
I: Validating base-passwd 3.5.39
I: Retrieving bash 4.3-14ubuntu1
I: Validating bash 4.3-14ubuntu1
I: Retrieving bsdutils 1:2.27.1-6ubuntu3
I: Validating bsdutils 1:2.27.1-6ubuntu3
I: Retrieving coreutils 8.25-2ubuntu2
I: Validating coreutils 8.25-2ubuntu2
I: Retrieving dash 0.5.8-2.1ubuntu2
I: Validating dash 0.5.8-2.1ubuntu2
I: Retrieving debconf 1.5.58ubuntu1
I: Validating debconf 1.5.58ubuntu1
I: Retrieving debianutils 4.7
I: Validating debianutils 4.7
I: Retrieving diffutils 1:3.3-3
I: Validating diffutils 1:3.3-3
I: Retrieving dpkg 1.18.4ubuntu1
I: Validating dpkg 1.18.4ubuntu1
I: Retrieving e2fslibs 1.42.13-1ubuntu1
I: Validating e2fslibs 1.42.13-1ubuntu1
I: Retrieving e2fsprogs 1.42.13-1ubuntu1
I: Validating e2fsprogs 1.42.13-1ubuntu1
I: Retrieving findutils 4.6.0+git+20160126-2
I: Validating findutils 4.6.0+git+20160126-2
I: Retrieving gcc-5-base 5.3.1-14ubuntu2
I: Validating gcc-5-base 5.3.1-14ubuntu2
I: Retrieving gcc-6-base 6.0.1-0ubuntu1
I: Validating gcc-6-base 6.0.1-0ubuntu1
I: Retrieving gnupg 1.4.20-1ubuntu3
I: Validating gnupg 1.4.20-1ubuntu3
I: Retrieving gpgv 1.4.20-1ubuntu3
I: Validating gpgv 1.4.20-1ubuntu3
I: Retrieving grep 2.24-1
I: Validating grep 2.24-1
I: Retrieving gzip 1.6-4ubuntu1
I: Validating gzip 1.6-4ubuntu1
I: Retrieving hostname 3.16ubuntu2
I: Validating hostname 3.16ubuntu2
I: Retrieving init 1.29ubuntu1
I: Validating init 1.29ubuntu1
I: Retrieving init-system-helpers 1.29ubuntu1
I: Validating init-system-helpers 1.29ubuntu1
I: Retrieving initscripts 2.88dsf-59.3ubuntu2
I: Validating initscripts 2.88dsf-59.3ubuntu2
I: Retrieving insserv 1.14.0-5ubuntu3
I: Validating insserv 1.14.0-5ubuntu3
I: Retrieving libacl1 2.2.52-3
I: Validating libacl1 2.2.52-3
I: Retrieving libapparmor1 2.10.95-0ubuntu2
I: Validating libapparmor1 2.10.95-0ubuntu2
I: Retrieving libapt-pkg5.0 1.2.10ubuntu1
I: Validating libapt-pkg5.0 1.2.10ubuntu1
I: Retrieving libattr1 1:2.4.47-2
I: Validating libattr1 1:2.4.47-2
I: Retrieving libaudit-common 1:2.4.5-1ubuntu2
I: Validating libaudit-common 1:2.4.5-1ubuntu2
I: Retrieving libaudit1 1:2.4.5-1ubuntu2
I: Validating libaudit1 1:2.4.5-1ubuntu2
I: Retrieving libblkid1 2.27.1-6ubuntu3
I: Validating libblkid1 2.27.1-6ubuntu3
I: Retrieving libbz2-1.0 1.0.6-8
I: Validating libbz2-1.0 1.0.6-8
I: Retrieving libc-bin 2.23-0ubuntu3
I: Validating libc-bin 2.23-0ubuntu3
I: Retrieving libc6 2.23-0ubuntu3
